2023-07-31T16:23:39.508801Z 0 [System] [MY-015015] [Server] MySQL Server - start.
2023-07-31T16:23:39.766125Z 0 [Warning] [MY-011070] [Server] '--sync-relay-log-info' is deprecated and will be removed in a future release.
2023-07-31T16:23:39.770227Z 0 [System] [MY-010116] [Server] C:\Program Files\MySQL\MySQL Server 8.1\bin\mysqld.exe (mysqld 8.1.0) starting as process 3960
2023-07-31T16:23:39.809253Z 1 [System] [MY-013576] [InnoDB] InnoDB initialization has started.
2023-07-31T16:23:41.108168Z 1 [System] [MY-013577] [InnoDB] InnoDB initialization has ended.
2023-07-31T16:23:41.780975Z 0 [Warning] [MY-010068] [Server] CA certificate ca.pem is self signed.
2023-07-31T16:23:41.783615Z 0 [System] [MY-013602] [Server] Channel mysql_main configured to support TLS. Encrypted connections are now supported for this channel.
2023-07-31T16:23:41.877753Z 0 [System] [MY-011323] [Server] X Plugin ready for connections. Bind-address: '::' port: 33060
2023-07-31T16:23:41.877935Z 0 [System] [MY-010931] [Server] C:\Program Files\MySQL\MySQL Server 8.1\bin\mysqld.exe: ready for connections. Version: '8.1.0'  socket: ''  port: 3306  MySQL Community Server - GPL.
2023-08-09T15:36:04.095687Z 0 [System] [MY-015015] [Server] MySQL Server - start.
2023-08-09T15:36:04.599774Z 0 [Warning] [MY-011070] [Server] '--sync-relay-log-info' is deprecated and will be removed in a future release.
2023-08-09T15:36:04.611167Z 0 [System] [MY-010116] [Server] C:\Program Files\MySQL\MySQL Server 8.1\bin\mysqld.exe (mysqld 8.1.0) starting as process 4228
2023-08-09T15:36:04.717763Z 1 [System] [MY-013576] [InnoDB] InnoDB initialization has started.
2023-08-09T15:36:07.864088Z 1 [System] [MY-013577] [InnoDB] InnoDB initialization has ended.
2023-08-09T15:36:08.408441Z 0 [System] [MY-010229] [Server] Starting XA crash recovery...
2023-08-09T15:36:08.419100Z 0 [System] [MY-010232] [Server] XA crash recovery finished.
2023-08-09T15:36:08.575296Z 0 [Warning] [MY-010068] [Server] CA certificate ca.pem is self signed.
2023-08-09T15:36:08.576332Z 0 [System] [MY-013602] [Server] Channel mysql_main configured to support TLS. Encrypted connections are now supported for this channel.
2023-08-09T15:36:08.670594Z 0 [System] [MY-011323] [Server] X Plugin ready for connections. Bind-address: '::' port: 33060
2023-08-09T15:36:08.670884Z 0 [System] [MY-010931] [Server] C:\Program Files\MySQL\MySQL Server 8.1\bin\mysqld.exe: ready for connections. Version: '8.1.0'  socket: ''  port: 3306  MySQL Community Server - GPL.
2023-08-13T11:06:14.643555Z 0 [System] [MY-015015] [Server] MySQL Server - start.
2023-08-13T11:06:15.107574Z 0 [Warning] [MY-011070] [Server] '--sync-relay-log-info' is deprecated and will be removed in a future release.
2023-08-13T11:06:15.114461Z 0 [System] [MY-010116] [Server] C:\Program Files\MySQL\MySQL Server 8.1\bin\mysqld.exe (mysqld 8.1.0) starting as process 4252
2023-08-13T11:06:15.253596Z 1 [System] [MY-013576] [InnoDB] InnoDB initialization has started.
2023-08-13T11:06:17.871786Z 1 [System] [MY-013577] [InnoDB] InnoDB initialization has ended.
2023-08-13T11:06:18.580344Z 0 [System] [MY-010229] [Server] Starting XA crash recovery...
2023-08-13T11:06:18.591396Z 0 [System] [MY-010232] [Server] XA crash recovery finished.
2023-08-13T11:06:18.864336Z 0 [Warning] [MY-010068] [Server] CA certificate ca.pem is self signed.
2023-08-13T11:06:18.865350Z 0 [System] [MY-013602] [Server] Channel mysql_main configured to support TLS. Encrypted connections are now supported for this channel.
2023-08-13T11:06:19.034810Z 0 [System] [MY-010931] [Server] C:\Program Files\MySQL\MySQL Server 8.1\bin\mysqld.exe: ready for connections. Version: '8.1.0'  socket: ''  port: 3306  MySQL Community Server - GPL.
2023-08-13T11:06:19.036141Z 0 [System] [MY-011323] [Server] X Plugin ready for connections. Bind-address: '::' port: 33060
2023-08-21T15:40:11.963951Z 0 [System] [MY-015015] [Server] MySQL Server - start.
2023-08-21T15:40:12.684645Z 0 [Warning] [MY-011070] [Server] '--sync-relay-log-info' is deprecated and will be removed in a future release.
2023-08-21T15:40:12.691200Z 0 [System] [MY-010116] [Server] C:\Program Files\MySQL\MySQL Server 8.1\bin\mysqld.exe (mysqld 8.1.0) starting as process 4316
2023-08-21T15:40:12.803821Z 1 [System] [MY-013576] [InnoDB] InnoDB initialization has started.
2023-08-21T15:40:14.753640Z 1 [System] [MY-013577] [InnoDB] InnoDB initialization has ended.
2023-08-21T15:40:15.301759Z 0 [System] [MY-010229] [Server] Starting XA crash recovery...
2023-08-21T15:40:15.312547Z 0 [System] [MY-010232] [Server] XA crash recovery finished.
2023-08-21T15:40:15.438820Z 0 [Warning] [MY-010068] [Server] CA certificate ca.pem is self signed.
2023-08-21T15:40:15.439704Z 0 [System] [MY-013602] [Server] Channel mysql_main configured to support TLS. Encrypted connections are now supported for this channel.
2023-08-21T15:40:15.528561Z 0 [System] [MY-011323] [Server] X Plugin ready for connections. Bind-address: '::' port: 33060
2023-08-21T15:40:15.529057Z 0 [System] [MY-010931] [Server] C:\Program Files\MySQL\MySQL Server 8.1\bin\mysqld.exe: ready for connections. Version: '8.1.0'  socket: ''  port: 3306  MySQL Community Server - GPL.
2023-08-22T04:19:36.953794Z 0 [System] [MY-013105] [Server] C:\Program Files\MySQL\MySQL Server 8.1\bin\mysqld.exe: Normal shutdown.
2023-08-22T04:19:37.715462Z 0 [System] [MY-010910] [Server] C:\Program Files\MySQL\MySQL Server 8.1\bin\mysqld.exe: Shutdown complete (mysqld 8.1.0)  MySQL Community Server - GPL.
2023-08-22T04:19:37.720208Z 0 [System] [MY-015016] [Server] MySQL Server - end.
2023-08-25T15:24:56.347445Z 0 [System] [MY-015015] [Server] MySQL Server - start.
2023-08-25T15:24:57.036478Z 0 [Warning] [MY-011070] [Server] '--sync-relay-log-info' is deprecated and will be removed in a future release.
2023-08-25T15:24:57.043105Z 0 [System] [MY-010116] [Server] C:\Program Files\MySQL\MySQL Server 8.1\bin\mysqld.exe (mysqld 8.1.0) starting as process 6360
2023-08-25T15:24:57.173631Z 1 [System] [MY-013576] [InnoDB] InnoDB initialization has started.
2023-08-25T15:24:59.777995Z 1 [System] [MY-013577] [InnoDB] InnoDB initialization has ended.
2023-08-25T15:25:01.144134Z 0 [Warning] [MY-010068] [Server] CA certificate ca.pem is self signed.
2023-08-25T15:25:01.150232Z 0 [System] [MY-013602] [Server] Channel mysql_main configured to support TLS. Encrypted connections are now supported for this channel.
2023-08-25T15:25:01.271165Z 0 [System] [MY-010931] [Server] C:\Program Files\MySQL\MySQL Server 8.1\bin\mysqld.exe: ready for connections. Version: '8.1.0'  socket: ''  port: 3306  MySQL Community Server - GPL.
2023-08-25T15:25:01.272402Z 0 [System] [MY-011323] [Server] X Plugin ready for connections. Bind-address: '::' port: 33060
2023-08-25T15:57:59.357044Z 0 [System] [MY-015015] [Server] MySQL Server - start.
2023-08-25T15:57:59.877271Z 0 [Warning] [MY-011070] [Server] '--sync-relay-log-info' is deprecated and will be removed in a future release.
2023-08-25T15:57:59.883833Z 0 [System] [MY-010116] [Server] C:\Program Files\MySQL\MySQL Server 8.1\bin\mysqld.exe (mysqld 8.1.0) starting as process 4808
2023-08-25T15:57:59.999549Z 1 [System] [MY-013576] [InnoDB] InnoDB initialization has started.
2023-08-25T15:58:02.609744Z 1 [System] [MY-013577] [InnoDB] InnoDB initialization has ended.
2023-08-25T15:58:03.623294Z 0 [System] [MY-010229] [Server] Starting XA crash recovery...
2023-08-25T15:58:03.635142Z 0 [System] [MY-010232] [Server] XA crash recovery finished.
2023-08-25T15:58:04.254505Z 0 [Warning] [MY-010068] [Server] CA certificate ca.pem is self signed.
2023-08-25T15:58:04.276106Z 0 [System] [MY-013602] [Server] Channel mysql_main configured to support TLS. Encrypted connections are now supported for this channel.
2023-08-25T15:58:04.466622Z 0 [System] [MY-011323] [Server] X Plugin ready for connections. Bind-address: '::' port: 33060
2023-08-25T15:58:04.468668Z 0 [System] [MY-010931] [Server] C:\Program Files\MySQL\MySQL Server 8.1\bin\mysqld.exe: ready for connections. Version: '8.1.0'  socket: ''  port: 3306  MySQL Community Server - GPL.
2023-08-25T19:12:41.420262Z 0 [System] [MY-013105] [Server] C:\Program Files\MySQL\MySQL Server 8.1\bin\mysqld.exe: Normal shutdown.
2023-08-25T19:12:41.960003Z 0 [System] [MY-010910] [Server] C:\Program Files\MySQL\MySQL Server 8.1\bin\mysqld.exe: Shutdown complete (mysqld 8.1.0)  MySQL Community Server - GPL.
2023-08-25T19:12:41.993703Z 0 [System] [MY-015016] [Server] MySQL Server - end.
2023-08-25T21:22:10.878543Z 0 [System] [MY-015015] [Server] MySQL Server - start.
2023-08-25T21:22:12.132696Z 0 [Warning] [MY-011070] [Server] '--sync-relay-log-info' is deprecated and will be removed in a future release.
2023-08-25T21:22:12.139881Z 0 [System] [MY-010116] [Server] C:\Program Files\MySQL\MySQL Server 8.1\bin\mysqld.exe (mysqld 8.1.0) starting as process 5920
2023-08-25T21:22:12.284562Z 1 [System] [MY-013576] [InnoDB] InnoDB initialization has started.
2023-08-25T21:22:15.693570Z 1 [System] [MY-013577] [InnoDB] InnoDB initialization has ended.
2023-08-25T21:22:18.322872Z 0 [Warning] [MY-010068] [Server] CA certificate ca.pem is self signed.
2023-08-25T21:22:18.324529Z 0 [System] [MY-013602] [Server] Channel mysql_main configured to support TLS. Encrypted connections are now supported for this channel.
2023-08-25T21:22:18.476416Z 0 [System] [MY-011323] [Server] X Plugin ready for connections. Bind-address: '::' port: 33060
2023-08-25T21:22:18.476910Z 0 [System] [MY-010931] [Server] C:\Program Files\MySQL\MySQL Server 8.1\bin\mysqld.exe: ready for connections. Version: '8.1.0'  socket: ''  port: 3306  MySQL Community Server - GPL.
2023-08-25T21:59:43.933725Z 0 [System] [MY-013105] [Server] C:\Program Files\MySQL\MySQL Server 8.1\bin\mysqld.exe: Normal shutdown.
2023-08-25T21:59:44.998949Z 0 [System] [MY-010910] [Server] C:\Program Files\MySQL\MySQL Server 8.1\bin\mysqld.exe: Shutdown complete (mysqld 8.1.0)  MySQL Community Server - GPL.
2023-08-25T21:59:45.004803Z 0 [System] [MY-015016] [Server] MySQL Server - end.
2023-08-25T22:00:10.087071Z 0 [System] [MY-015015] [Server] MySQL Server - start.
2023-08-25T22:00:10.608204Z 0 [Warning] [MY-011070] [Server] '--sync-relay-log-info' is deprecated and will be removed in a future release.
2023-08-25T22:00:10.637973Z 0 [System] [MY-010116] [Server] C:\Program Files\MySQL\MySQL Server 8.1\bin\mysqld.exe (mysqld 8.1.0) starting as process 7512
2023-08-25T22:00:10.804144Z 1 [System] [MY-013576] [InnoDB] InnoDB initialization has started.
2023-08-25T22:00:12.860193Z 1 [System] [MY-013577] [InnoDB] InnoDB initialization has ended.
2023-08-25T22:00:14.204589Z 0 [Warning] [MY-010068] [Server] CA certificate ca.pem is self signed.
2023-08-25T22:00:14.207969Z 0 [System] [MY-013602] [Server] Channel mysql_main configured to support TLS. Encrypted connections are now supported for this channel.
2023-08-25T22:00:14.316389Z 0 [System] [MY-011323] [Server] X Plugin ready for connections. Bind-address: '::' port: 33060
2023-08-25T22:00:14.316718Z 0 [System] [MY-010931] [Server] C:\Program Files\MySQL\MySQL Server 8.1\bin\mysqld.exe: ready for connections. Version: '8.1.0'  socket: ''  port: 3306  MySQL Community Server - GPL.
2023-08-28T10:26:24.328476Z 0 [System] [MY-015015] [Server] MySQL Server - start.
2023-08-28T10:26:24.812389Z 0 [Warning] [MY-011070] [Server] '--sync-relay-log-info' is deprecated and will be removed in a future release.
2023-08-28T10:26:24.825064Z 0 [System] [MY-010116] [Server] C:\Program Files\MySQL\MySQL Server 8.1\bin\mysqld.exe (mysqld 8.1.0) starting as process 4880
2023-08-28T10:26:24.949648Z 1 [System] [MY-013576] [InnoDB] InnoDB initialization has started.
2023-08-28T10:26:28.385637Z 1 [System] [MY-013577] [InnoDB] InnoDB initialization has ended.
2023-08-28T10:26:28.852938Z 0 [System] [MY-010229] [Server] Starting XA crash recovery...
2023-08-28T10:26:28.864060Z 0 [System] [MY-010232] [Server] XA crash recovery finished.
2023-08-28T10:26:29.001085Z 0 [Warning] [MY-010068] [Server] CA certificate ca.pem is self signed.
2023-08-28T10:26:29.003037Z 0 [System] [MY-013602] [Server] Channel mysql_main configured to support TLS. Encrypted connections are now supported for this channel.
2023-08-28T10:26:29.131412Z 0 [System] [MY-011323] [Server] X Plugin ready for connections. Bind-address: '::' port: 33060
2023-08-28T10:26:29.131726Z 0 [System] [MY-010931] [Server] C:\Program Files\MySQL\MySQL Server 8.1\bin\mysqld.exe: ready for connections. Version: '8.1.0'  socket: ''  port: 3306  MySQL Community Server - GPL.
